c:\users\gabriel_chia\documents\visual studio 2015\projects\gameengineexperiments\gameengineexperiment\gameengine\gameengine\debug\vc142.pdb
c:\users\gabriel_chia\documents\visual studio 2015\projects\gameengineexperiments\gameengineexperiment\gameengine\gameengine\debug\vc142.idb
c:\users\gabriel_chia\documents\visual studio 2015\projects\gameengineexperiments\gameengineexperiment\gameengine\gameengine\debug\gameengine.obj
c:\users\gabriel_chia\documents\visual studio 2015\projects\gameengineexperiments\gameengineexperiment\gameengine\gameengine\debug\gameengine.res
c:\users\gabriel_chia\documents\visual studio 2015\projects\gameengineexperiments\gameengineexperiment\gameengine\debug\gameengine.pdb
c:\users\gabriel_chia\documents\visual studio 2015\projects\gameengineexperiments\gameengineexperiment\gameengine\gameengine\debug\gameengine.tlog\cl.command.1.tlog
c:\users\gabriel_chia\documents\visual studio 2015\projects\gameengineexperiments\gameengineexperiment\gameengine\gameengine\debug\gameengine.tlog\cl.read.1.tlog
c:\users\gabriel_chia\documents\visual studio 2015\projects\gameengineexperiments\gameengineexperiment\gameengine\gameengine\debug\gameengine.tlog\cl.write.1.tlog
c:\users\gabriel_chia\documents\visual studio 2015\projects\gameengineexperiments\gameengineexperiment\gameengine\gameengine\debug\gameengine.tlog\link-cvtres.read.1.tlog
c:\users\gabriel_chia\documents\visual studio 2015\projects\gameengineexperiments\gameengineexperiment\gameengine\gameengine\debug\gameengine.tlog\link-cvtres.write.1.tlog
c:\users\gabriel_chia\documents\visual studio 2015\projects\gameengineexperiments\gameengineexperiment\gameengine\gameengine\debug\gameengine.tlog\link-rc.read.1.tlog
c:\users\gabriel_chia\documents\visual studio 2015\projects\gameengineexperiments\gameengineexperiment\gameengine\gameengine\debug\gameengine.tlog\link-rc.write.1.tlog
c:\users\gabriel_chia\documents\visual studio 2015\projects\gameengineexperiments\gameengineexperiment\gameengine\gameengine\debug\gameengine.tlog\link.852-cvtres.read.1.tlog
c:\users\gabriel_chia\documents\visual studio 2015\projects\gameengineexperiments\gameengineexperiment\gameengine\gameengine\debug\gameengine.tlog\link.852-cvtres.write.1.tlog
c:\users\gabriel_chia\documents\visual studio 2015\projects\gameengineexperiments\gameengineexperiment\gameengine\gameengine\debug\gameengine.tlog\link.852-rc.read.1.tlog
c:\users\gabriel_chia\documents\visual studio 2015\projects\gameengineexperiments\gameengineexperiment\gameengine\gameengine\debug\gameengine.tlog\link.852-rc.write.1.tlog
c:\users\gabriel_chia\documents\visual studio 2015\projects\gameengineexperiments\gameengineexperiment\gameengine\gameengine\debug\gameengine.tlog\link.852.read.1.tlog
c:\users\gabriel_chia\documents\visual studio 2015\projects\gameengineexperiments\gameengineexperiment\gameengine\gameengine\debug\gameengine.tlog\link.852.write.1.tlog
c:\users\gabriel_chia\documents\visual studio 2015\projects\gameengineexperiments\gameengineexperiment\gameengine\gameengine\debug\gameengine.tlog\link.command.1.tlog
c:\users\gabriel_chia\documents\visual studio 2015\projects\gameengineexperiments\gameengineexperiment\gameengine\gameengine\debug\gameengine.tlog\link.read.1.tlog
c:\users\gabriel_chia\documents\visual studio 2015\projects\gameengineexperiments\gameengineexperiment\gameengine\gameengine\debug\gameengine.tlog\link.write.1.tlog
c:\users\gabriel_chia\documents\visual studio 2015\projects\gameengineexperiments\gameengineexperiment\gameengine\gameengine\debug\gameengine.tlog\rc.command.1.tlog
c:\users\gabriel_chia\documents\visual studio 2015\projects\gameengineexperiments\gameengineexperiment\gameengine\gameengine\debug\gameengine.tlog\rc.read.1.tlog
c:\users\gabriel_chia\documents\visual studio 2015\projects\gameengineexperiments\gameengineexperiment\gameengine\gameengine\debug\gameengine.tlog\rc.write.1.tlog
